2019-09-01 23:11:11.305 DEBUG 4404 --- [main] o.s.w.c.s.StandardServletEnvironment     : Adding PropertySource 'configurationProperties' with highest search precedence
2019-09-01 23:11:11.945 DEBUG 4404 --- [main] o.s.w.c.s.StandardServletEnvironment     : Adding PropertySource 'servletConfigInitParams' with lowest search precedence
2019-09-01 23:11:11.946 DEBUG 4404 --- [main] o.s.w.c.s.StandardServletEnvironment     : Adding PropertySource 'servletContextInitParams' with lowest search precedence
2019-09-01 23:11:11.947 DEBUG 4404 --- [main] o.s.w.c.s.StandardServletEnvironment     : Adding PropertySource 'systemProperties' with lowest search precedence
2019-09-01 23:11:11.948 DEBUG 4404 --- [main] o.s.w.c.s.StandardServletEnvironment     : Adding PropertySource 'systemEnvironment' with lowest search precedence
2019-09-01 23:11:11.949 DEBUG 4404 --- [main] o.s.w.c.s.StandardServletEnvironment     : Initialized StandardServletEnvironment with PropertySources [StubPropertySource {name='servletConfigInitParams'}, StubPropertySource {name='servletContextInitParams'}, MapPropertySource {name='systemProperties'}, SystemEnvironmentPropertySource {name='systemEnvironment'}]
2019-09-01 23:11:12.096  INFO 4404 --- [main] tws.Application                          : Starting Application on wenming-PC with PID 4404 (C:\Users\wenming\Desktop\week-day01\week-day04\java_persistence_practice_parking_lot_comprehensive-2019-8-26-2-21-50-376\build\classes\java\main started by wenming in C:\Users\wenming\Desktop\week-day01\week-day04\java_persistence_practice_parking_lot_comprehensive-2019-8-26-2-21-50-376)
2019-09-01 23:11:12.098  INFO 4404 --- [main] tws.Application                          : No active profile set, falling back to default profiles: default
2019-09-01 23:11:12.266  INFO 4404 --- [main] ConfigServletWebServerApplicationContext : Refreshing org.springframework.boot.web.servlet.context.AnnotationConfigServletWebServerApplicationContext@6b81ce95: startup date [Sun Sep 01 23:11:12 CST 2019]; root of context hierarchy
2019-09-01 23:11:15.501 DEBUG 4404 --- [main] o.s.w.c.s.StandardServletEnvironment     : Removing PropertySource 'defaultProperties'
2019-09-01 23:11:17.432  INFO 4404 --- [main] o.s.b.w.embedded.tomcat.TomcatWebServer  : Tomcat initialized with port(s): 8080 (http)
2019-09-01 23:11:17.557  INFO 4404 --- [main] o.apache.catalina.core.StandardService   : Starting service [Tomcat]
2019-09-01 23:11:17.558  INFO 4404 --- [main] org.apache.catalina.core.StandardEngine  : Starting Servlet Engine: Apache Tomcat/8.5.31
2019-09-01 23:11:17.584  INFO 4404 --- [localhost-startStop-1] o.a.catalina.core.AprLifecycleListener   : The APR based Apache Tomcat Native library which allows optimal performance in production environments was not found on the java.library.path: [G:\Program Files\Java\jdk1.8.0_211\bin;C:\Windows\Sun\Java\bin;C:\Windows\system32;C:\Windows;C:\Users\wenming\bin;G:\Program Files\Git\mingw64\bin;G:\Program Files\Git\usr\local\bin;G:\Program Files\Git\usr\bin;G:\Program Files\Git\usr\bin;G:\Program Files\Git\mingw64\bin;G:\Program Files\Git\usr\bin;C:\Users\wenming\bin;C:\Program Files (x86)\Common Files\Oracle\Java\javapath;C:\Windows\system32;C:\Windows;C:\Windows\System32\Wbem;C:\Windows\System32\WindowsPowerShell\v1.0;C:\Program Files\Intel\WiFi\bin;C:\Program Files\Common Files\Intel\WirelessCommon;G:\Program Files\Git\cmd;G:\Program Files\MySQL\MySQL Enterprise Backup 3.10.2;G:\Program Files\MySQL\MySQL Utilities 1.4.3;G:\Program Files\MySQL\MySQL Utilities 1.4.3\Doctrine extensions for PHP;G:\Program Files\Java\jdk1.8.0_211\bin;G:\Program Files\nodejs;C:\Program Files\Intel\WiFi\bin;C:\Program Files\Common Files\Intel\WirelessCommon;G:\Program Files\Microsoft VS Code\bin;C:\Users\wenming\AppData\Roaming\npm;G:\Program Files\Git\usr\bin\vendor_perl;G:\Program Files\Git\usr\bin\core_perl;.]
2019-09-01 23:11:18.400  INFO 4404 --- [localhost-startStop-1] o.a.c.c.C.[Tomcat].[localhost].[/]       : Initializing Spring embedded WebApplicationContext
2019-09-01 23:11:18.400 DEBUG 4404 --- [localhost-startStop-1] o.s.web.context.ContextLoader            : Published root WebApplicationContext as ServletContext attribute with name [org.springframework.web.context.WebApplicationContext.ROOT]
2019-09-01 23:11:18.401  INFO 4404 --- [localhost-startStop-1] o.s.web.context.ContextLoader            : Root WebApplicationContext: initialization completed in 6134 ms
2019-09-01 23:11:18.778  INFO 4404 --- [localhost-startStop-1] o.s.b.w.servlet.ServletRegistrationBean  : Servlet dispatcherServlet mapped to [/]
2019-09-01 23:11:18.780  INFO 4404 --- [localhost-startStop-1] o.s.b.w.servlet.ServletRegistrationBean  : Servlet webServlet mapped to [/h2-console/*]
2019-09-01 23:11:18.787  INFO 4404 --- [localhost-startStop-1] o.s.b.w.servlet.FilterRegistrationBean   : Mapping filter: 'characterEncodingFilter' to: [/*]
2019-09-01 23:11:18.789  INFO 4404 --- [localhost-startStop-1] o.s.b.w.servlet.FilterRegistrationBean   : Mapping filter: 'hiddenHttpMethodFilter' to: [/*]
2019-09-01 23:11:18.789  INFO 4404 --- [localhost-startStop-1] o.s.b.w.servlet.FilterRegistrationBean   : Mapping filter: 'httpPutFormContentFilter' to: [/*]
2019-09-01 23:11:18.790  INFO 4404 --- [localhost-startStop-1] o.s.b.w.servlet.FilterRegistrationBean   : Mapping filter: 'requestContextFilter' to: [/*]
2019-09-01 23:11:18.922 DEBUG 4404 --- [main] o.s.w.c.s.StandardServletEnvironment     : Replacing PropertySource 'servletContextInitParams' with 'servletContextInitParams'
2019-09-01 23:11:19.843  INFO 4404 --- [main] o.s.w.s.handler.SimpleUrlHandlerMapping  : Mapped URL path [/**/favicon.ico] onto handler of type [class org.springframework.web.servlet.resource.ResourceHttpRequestHandler]
2019-09-01 23:11:20.349  INFO 4404 --- [main] s.w.s.m.m.a.RequestMappingHandlerAdapter : Looking for @ControllerAdvice: org.springframework.boot.web.servlet.context.AnnotationConfigServletWebServerApplicationContext@6b81ce95: startup date [Sun Sep 01 23:11:12 CST 2019]; root of context hierarchy
2019-09-01 23:11:20.510 DEBUG 4404 --- [main] s.w.s.m.m.a.RequestMappingHandlerMapping : Looking for request mappings in application context: org.springframework.boot.web.servlet.context.AnnotationConfigServletWebServerApplicationContext@6b81ce95: startup date [Sun Sep 01 23:11:12 CST 2019]; root of context hierarchy
2019-09-01 23:11:20.542 DEBUG 4404 --- [main] s.w.s.m.m.a.RequestMappingHandlerMapping : 5 request handler methods found on class tws.controller.EmployeeController: {public void tws.controller.EmployeeController.deleteEmployee(int)={[/employees/{id}],methods=[DELETE]}, public void tws.controller.EmployeeController.updateEmployee(int,tws.entity.Employee)={[/employees/{id}],methods=[PUT]}, public java.util.List tws.controller.EmployeeController.getEmployeesControll()={[/employees/],methods=[GET]}, public void tws.controller.EmployeeController.postEmployeesControll(tws.entity.Employee)={[/employees],methods=[POST]}, public java.util.List tws.controller.EmployeeController.displayEmployeePage(int,int)={[/employees],methods=[GET]}}
2019-09-01 23:11:20.547  INFO 4404 --- [main] s.w.s.m.m.a.RequestMappingHandlerMapping : Mapped "{[/employees/{id}],methods=[DELETE]}" onto public void tws.controller.EmployeeController.deleteEmployee(int)
2019-09-01 23:11:20.549  INFO 4404 --- [main] s.w.s.m.m.a.RequestMappingHandlerMapping : Mapped "{[/employees/{id}],methods=[PUT]}" onto public void tws.controller.EmployeeController.updateEmployee(int,tws.entity.Employee)
2019-09-01 23:11:20.550  INFO 4404 --- [main] s.w.s.m.m.a.RequestMappingHandlerMapping : Mapped "{[/employees/],methods=[GET]}" onto public java.util.List<tws.entity.Employee> tws.controller.EmployeeController.getEmployeesControll()
2019-09-01 23:11:20.551  INFO 4404 --- [main] s.w.s.m.m.a.RequestMappingHandlerMapping : Mapped "{[/employees],methods=[POST]}" onto public void tws.controller.EmployeeController.postEmployeesControll(tws.entity.Employee)
2019-09-01 23:11:20.552  INFO 4404 --- [main] s.w.s.m.m.a.RequestMappingHandlerMapping : Mapped "{[/employees],methods=[GET]}" onto public java.util.List<tws.entity.Employee> tws.controller.EmployeeController.displayEmployeePage(int,int)
2019-09-01 23:11:20.556 DEBUG 4404 --- [main] s.w.s.m.m.a.RequestMappingHandlerMapping : 5 request handler methods found on class tws.controller.ParkingLotController: {public void tws.controller.ParkingLotController.postEmployee(tws.entity.ParkingLot)={[/parkinglots],methods=[POST]}, public void tws.controller.ParkingLotController.deleteEmployee(int)={[/parkinglots/{id}],methods=[DELETE]}, public void tws.controller.ParkingLotController.updateEmployee(int,tws.entity.ParkingLot)={[/parkinglots/{id}],methods=[PUT]}, public java.util.List tws.controller.ParkingLotController.getAll()={[/parkinglots/],methods=[GET]}, public java.util.List tws.controller.ParkingLotController.displayPageParkingLotControll(int,int)={[/parkinglots],methods=[GET]}}
2019-09-01 23:11:20.556  INFO 4404 --- [main] s.w.s.m.m.a.RequestMappingHandlerMapping : Mapped "{[/parkinglots],methods=[POST]}" onto public void tws.controller.ParkingLotController.postEmployee(tws.entity.ParkingLot)
2019-09-01 23:11:20.557  INFO 4404 --- [main] s.w.s.m.m.a.RequestMappingHandlerMapping : Mapped "{[/parkinglots/{id}],methods=[DELETE]}" onto public void tws.controller.ParkingLotController.deleteEmployee(int)
2019-09-01 23:11:20.558  INFO 4404 --- [main] s.w.s.m.m.a.RequestMappingHandlerMapping : Mapped "{[/parkinglots/{id}],methods=[PUT]}" onto public void tws.controller.ParkingLotController.updateEmployee(int,tws.entity.ParkingLot)
2019-09-01 23:11:20.561  INFO 4404 --- [main] s.w.s.m.m.a.RequestMappingHandlerMapping : Mapped "{[/parkinglots/],methods=[GET]}" onto public java.util.List<tws.entity.ParkingLot> tws.controller.ParkingLotController.getAll()
2019-09-01 23:11:20.567  INFO 4404 --- [main] s.w.s.m.m.a.RequestMappingHandlerMapping : Mapped "{[/parkinglots],methods=[GET]}" onto public java.util.List<tws.entity.ParkingLot> tws.controller.ParkingLotController.displayPageParkingLotControll(int,int)
2019-09-01 23:11:20.574 DEBUG 4404 --- [main] s.w.s.m.m.a.RequestMappingHandlerMapping : 2 request handler methods found on class org.springframework.boot.autoconfigure.web.servlet.error.BasicErrorController: {public org.springframework.http.ResponseEntity org.springframework.boot.autoconfigure.web.servlet.error.BasicErrorController.error(javax.servlet.http.HttpServletRequest)={[/error]}, public org.springframework.web.servlet.ModelAndView org.springframework.boot.autoconfigure.web.servlet.error.BasicErrorController.errorHtml(javax.servlet.http.HttpServletRequest,javax.servlet.http.HttpServletResponse)={[/error],produces=[text/html]}}
2019-09-01 23:11:20.575  INFO 4404 --- [main] s.w.s.m.m.a.RequestMappingHandlerMapping : Mapped "{[/error]}" onto public org.springframework.http.ResponseEntity<java.util.Map<java.lang.String, java.lang.Object>> org.springframework.boot.autoconfigure.web.servlet.error.BasicErrorController.error(javax.servlet.http.HttpServletRequest)
2019-09-01 23:11:20.576  INFO 4404 --- [main] s.w.s.m.m.a.RequestMappingHandlerMapping : Mapped "{[/error],produces=[text/html]}" onto public org.springframework.web.servlet.ModelAndView org.springframework.boot.autoconfigure.web.servlet.error.BasicErrorController.errorHtml(javax.servlet.http.HttpServletRequest,javax.servlet.http.HttpServletResponse)
2019-09-01 23:11:20.614 DEBUG 4404 --- [main] o.s.w.s.h.BeanNameUrlHandlerMapping      : Looking for URL mappings in application context: org.springframework.boot.web.servlet.context.AnnotationConfigServletWebServerApplicationContext@6b81ce95: startup date [Sun Sep 01 23:11:12 CST 2019]; root of context hierarchy
2019-09-01 23:11:20.615 DEBUG 4404 --- [main] o.s.w.s.h.BeanNameUrlHandlerMapping      : Rejected bean name 'org.springframework.context.annotation.internalConfigurationAnnotationProcessor': no URL paths identified
2019-09-01 23:11:20.615 DEBUG 4404 --- [main] o.s.w.s.h.BeanNameUrlHandlerMapping      : Rejected bean name 'org.springframework.context.annotation.internalAutowiredAnnotationProcessor': no URL paths identified
2019-09-01 23:11:20.616 DEBUG 4404 --- [main] o.s.w.s.h.BeanNameUrlHandlerMapping      : Rejected bean name 'org.springframework.context.annotation.internalRequiredAnnotationProcessor': no URL paths identified
2019-09-01 23:11:20.616 DEBUG 4404 --- [main] o.s.w.s.h.BeanNameUrlHandlerMapping      : Rejected bean name 'org.springframework.context.annotation.internalCommonAnnotationProcessor': no URL paths identified
2019-09-01 23:11:20.616 DEBUG 4404 --- [main] o.s.w.s.h.BeanNameUrlHandlerMapping      : Rejected bean name 'org.springframework.context.event.internalEventListenerProcessor': no URL paths identified
2019-09-01 23:11:20.616 DEBUG 4404 --- [main] o.s.w.s.h.BeanNameUrlHandlerMapping      : Rejected bean name 'org.springframework.context.event.internalEventListenerFactory': no URL paths identified
2019-09-01 23:11:20.616 DEBUG 4404 --- [main] o.s.w.s.h.BeanNameUrlHandlerMapping      : Rejected bean name 'application': no URL paths identified
2019-09-01 23:11:20.616 DEBUG 4404 --- [main] o.s.w.s.h.BeanNameUrlHandlerMapping      : Rejected bean name 'org.springframework.boot.autoconfigure.internalCachingMetadataReaderFactory': no URL paths identified
2019-09-01 23:11:20.616 DEBUG 4404 --- [main] o.s.w.s.h.BeanNameUrlHandlerMapping      : Rejected bean name 'employeeController': no URL paths identified
2019-09-01 23:11:20.617 DEBUG 4404 --- [main] o.s.w.s.h.BeanNameUrlHandlerMapping      : Rejected bean name 'parkingLotController': no URL paths identified
2019-09-01 23:11:20.617 DEBUG 4404 --- [main] o.s.w.s.h.BeanNameUrlHandlerMapping      : Rejected bean name 'employeeServe': no URL paths identified
2019-09-01 23:11:20.617 DEBUG 4404 --- [main] o.s.w.s.h.BeanNameUrlHandlerMapping      : Rejected bean name 'employeeService': no URL paths identified
2019-09-01 23:11:20.619 DEBUG 4404 --- [main] o.s.w.s.h.BeanNameUrlHandlerMapping      : Rejected bean name 'parkingLotService': no URL paths identified
2019-09-01 23:11:20.619 DEBUG 4404 --- [main] o.s.w.s.h.BeanNameUrlHandlerMapping      : Rejected bean name 'org.springframework.boot.autoconfigure.AutoConfigurationPackages': no URL paths identified
2019-09-01 23:11:20.619 DEBUG 4404 --- [main] o.s.w.s.h.BeanNameUrlHandlerMapping      : Rejected bean name 'org.springframework.boot.autoconfigure.context.PropertyPlaceholderAutoConfiguration': no URL paths identified
2019-09-01 23:11:20.619 DEBUG 4404 --- [main] o.s.w.s.h.BeanNameUrlHandlerMapping      : Rejected bean name 'org.springframework.boot.autoconfigure.condition.BeanTypeRegistry': no URL paths identified
2019-09-01 23:11:20.619 DEBUG 4404 --- [main] o.s.w.s.h.BeanNameUrlHandlerMapping      : Rejected bean name 'propertySourcesPlaceholderConfigurer': no URL paths identified
2019-09-01 23:11:20.620 DEBUG 4404 --- [main] o.s.w.s.h.BeanNameUrlHandlerMapping      : Rejected bean name 'org.springframework.boot.autoconfigure.websocket.servlet.WebSocketServletAutoConfiguration$TomcatWebSocketConfiguration': no URL paths identified
2019-09-01 23:11:20.620 DEBUG 4404 --- [main] o.s.w.s.h.BeanNameUrlHandlerMapping      : Rejected bean name 'websocketContainerCustomizer': no URL paths identified
2019-09-01 23:11:20.620 DEBUG 4404 --- [main] o.s.w.s.h.BeanNameUrlHandlerMapping      : Rejected bean name 'org.springframework.boot.autoconfigure.websocket.servlet.WebSocketServletAutoConfiguration': no URL paths identified
2019-09-01 23:11:20.620 DEBUG 4404 --- [main] o.s.w.s.h.BeanNameUrlHandlerMapping      : Rejected bean name 'org.springframework.boot.autoconfigure.web.servlet.ServletWebServerFactoryConfiguration$EmbeddedTomcat': no URL paths identified
2019-09-01 23:11:20.624 DEBUG 4404 --- [main] o.s.w.s.h.BeanNameUrlHandlerMapping      : Rejected bean name 'tomcatServletWebServerFactory': no URL paths identified
2019-09-01 23:11:20.625 DEBUG 4404 --- [main] o.s.w.s.h.BeanNameUrlHandlerMapping      : Rejected bean name 'org.springframework.boot.autoconfigure.web.servlet.ServletWebServerFactoryAutoConfiguration': no URL paths identified
2019-09-01 23:11:20.625 DEBUG 4404 --- [main] o.s.w.s.h.BeanNameUrlHandlerMapping      : Rejected bean name 'servletWebServerFactoryCustomizer': no URL paths identified
2019-09-01 23:11:20.626 DEBUG 4404 --- [main] o.s.w.s.h.BeanNameUrlHandlerMapping      : Rejected bean name 'tomcatServletWebServerFactoryCustomizer': no URL paths identified
2019-09-01 23:11:20.626 DEBUG 4404 --- [main] o.s.w.s.h.BeanNameUrlHandlerMapping      : Rejected bean name 'server-org.springframework.boot.autoconfigure.web.ServerProperties': no URL paths identified
2019-09-01 23:11:20.626 DEBUG 4404 --- [main] o.s.w.s.h.BeanNameUrlHandlerMapping      : Rejected bean name 'org.springframework.boot.context.properties.ConfigurationPropertiesBindingPostProcessor': no URL paths identified
2019-09-01 23:11:20.626 DEBUG 4404 --- [main] o.s.w.s.h.BeanNameUrlHandlerMapping      : Rejected bean name 'org.springframework.boot.context.properties.ConfigurationBeanFactoryMetadata': no URL paths identified
2019-09-01 23:11:20.626 DEBUG 4404 --- [main] o.s.w.s.h.BeanNameUrlHandlerMapping      : Rejected bean name 'webServerFactoryCustomizerBeanPostProcessor': no URL paths identified
2019-09-01 23:11:20.627 DEBUG 4404 --- [main] o.s.w.s.h.BeanNameUrlHandlerMapping      : Rejected bean name 'errorPageRegistrarBeanPostProcessor': no URL paths identified
2019-09-01 23:11:20.627 DEBUG 4404 --- [main] o.s.w.s.h.BeanNameUrlHandlerMapping      : Rejected bean name 'org.springframework.boot.autoconfigure.web.servlet.DispatcherServletAutoConfiguration$DispatcherServletConfiguration': no URL paths identified
2019-09-01 23:11:20.627 DEBUG 4404 --- [main] o.s.w.s.h.BeanNameUrlHandlerMapping      : Rejected bean name 'dispatcherServlet': no URL paths identified
2019-09-01 23:11:20.627 DEBUG 4404 --- [main] o.s.w.s.h.BeanNameUrlHandlerMapping      : Rejected bean name 'mainDispatcherServletPathProvider': no URL paths identified
2019-09-01 23:11:20.628 DEBUG 4404 --- [main] o.s.w.s.h.BeanNameUrlHandlerMapping      : Rejected bean name 'spring.mvc-org.springframework.boot.autoconfigure.web.servlet.WebMvcProperties': no URL paths identified
2019-09-01 23:11:20.628 DEBUG 4404 --- [main] o.s.w.s.h.BeanNameUrlHandlerMapping      : Rejected bean name 'org.springframework.boot.autoconfigure.web.servlet.DispatcherServletAutoConfiguration$DispatcherServletRegistrationConfiguration': no URL paths identified
2019-09-01 23:11:20.628 DEBUG 4404 --- [main] o.s.w.s.h.BeanNameUrlHandlerMapping      : Rejected bean name 'dispatcherServletRegistration': no URL paths identified
2019-09-01 23:11:20.628 DEBUG 4404 --- [main] o.s.w.s.h.BeanNameUrlHandlerMapping      : Rejected bean name 'org.springframework.boot.autoconfigure.web.servlet.DispatcherServletAutoConfiguration': no URL paths identified
2019-09-01 23:11:20.629 DEBUG 4404 --- [main] o.s.w.s.h.BeanNameUrlHandlerMapping      : Rejected bean name 'org.springframework.boot.autoconfigure.validation.ValidationAutoConfiguration': no URL paths identified
2019-09-01 23:11:20.630 DEBUG 4404 --- [main] o.s.w.s.h.BeanNameUrlHandlerMapping      : Rejected bean name 'defaultValidator': no URL paths identified
2019-09-01 23:11:20.630 DEBUG 4404 --- [main] o.s.w.s.h.BeanNameUrlHandlerMapping      : Rejected bean name 'methodValidationPostProcessor': no URL paths identified
2019-09-01 23:11:20.630 DEBUG 4404 --- [main] o.s.w.s.h.BeanNameUrlHandlerMapping      : Rejected bean name 'org.springframework.boot.autoconfigure.web.servlet.error.ErrorMvcAutoConfiguration$WhitelabelErrorViewConfiguration': no URL paths identified
2019-09-01 23:11:20.630 DEBUG 4404 --- [main] o.s.w.s.h.BeanNameUrlHandlerMapping      : Rejected bean name 'error': no URL paths identified
2019-09-01 23:11:20.638 DEBUG 4404 --- [main] o.s.w.s.h.BeanNameUrlHandlerMapping      : Rejected bean name 'beanNameViewResolver': no URL paths identified
2019-09-01 23:11:20.638 DEBUG 4404 --- [main] o.s.w.s.h.BeanNameUrlHandlerMapping      : Rejected bean name 'org.springframework.boot.autoconfigure.web.servlet.error.ErrorMvcAutoConfiguration$DefaultErrorViewResolverConfiguration': no URL paths identified
2019-09-01 23:11:20.638 DEBUG 4404 --- [main] o.s.w.s.h.BeanNameUrlHandlerMapping      : Rejected bean name 'conventionErrorViewResolver': no URL paths identified
2019-09-01 23:11:20.638 DEBUG 4404 --- [main] o.s.w.s.h.BeanNameUrlHandlerMapping      : Rejected bean name 'org.springframework.boot.autoconfigure.web.servlet.error.ErrorMvcAutoConfiguration': no URL paths identified
2019-09-01 23:11:20.638 DEBUG 4404 --- [main] o.s.w.s.h.BeanNameUrlHandlerMapping      : Rejected bean name 'errorAttributes': no URL paths identified
2019-09-01 23:11:20.638 DEBUG 4404 --- [main] o.s.w.s.h.BeanNameUrlHandlerMapping      : Rejected bean name 'basicErrorController': no URL paths identified
2019-09-01 23:11:20.638 DEBUG 4404 --- [main] o.s.w.s.h.BeanNameUrlHandlerMapping      : Rejected bean name 'errorPageCustomizer': no URL paths identified
2019-09-01 23:11:20.639 DEBUG 4404 --- [main] o.s.w.s.h.BeanNameUrlHandlerMapping      : Rejected bean name 'preserveErrorControllerTargetClassPostProcessor': no URL paths identified
2019-09-01 23:11:20.639 DEBUG 4404 --- [main] o.s.w.s.h.BeanNameUrlHandlerMapping      : Rejected bean name 'spring.resources-org.springframework.boot.autoconfigure.web.ResourceProperties': no URL paths identified
2019-09-01 23:11:20.639 DEBUG 4404 --- [main] o.s.w.s.h.BeanNameUrlHandlerMapping      : Rejected bean name 'org.springframework.boot.autoconfigure.web.servlet.WebMvcAutoConfiguration$WebMvcAutoConfigurationAdapter$FaviconConfiguration': no URL paths identified
2019-09-01 23:11:20.639 DEBUG 4404 --- [main] o.s.w.s.h.BeanNameUrlHandlerMapping      : Rejected bean name 'faviconHandlerMapping': no URL paths identified
2019-09-01 23:11:20.639 DEBUG 4404 --- [main] o.s.w.s.h.BeanNameUrlHandlerMapping      : Rejected bean name 'faviconRequestHandler': no URL paths identified
2019-09-01 23:11:20.639 DEBUG 4404 --- [main] o.s.w.s.h.BeanNameUrlHandlerMapping      : Rejected bean name 'org.springframework.boot.autoconfigure.web.servlet.WebMvcAutoConfiguration$EnableWebMvcConfiguration': no URL paths identified
2019-09-01 23:11:20.639 DEBUG 4404 --- [main] o.s.w.s.h.BeanNameUrlHandlerMapping      : Rejected bean name 'requestMappingHandlerAdapter': no URL paths identified
2019-09-01 23:11:20.639 DEBUG 4404 --- [main] o.s.w.s.h.BeanNameUrlHandlerMapping      : Rejected bean name 'requestMappingHandlerMapping': no URL paths identified
2019-09-01 23:11:20.639 DEBUG 4404 --- [main] o.s.w.s.h.BeanNameUrlHandlerMapping      : Rejected bean name 'mvcConversionService': no URL paths identified
2019-09-01 23:11:20.639 DEBUG 4404 --- [main] o.s.w.s.h.BeanNameUrlHandlerMapping      : Rejected bean name 'mvcValidator': no URL paths identified
2019-09-01 23:11:20.639 DEBUG 4404 --- [main] o.s.w.s.h.BeanNameUrlHandlerMapping      : Rejected bean name 'mvcContentNegotiationManager': no URL paths identified
2019-09-01 23:11:20.639 DEBUG 4404 --- [main] o.s.w.s.h.BeanNameUrlHandlerMapping      : Rejected bean name 'mvcPathMatcher': no URL paths identified
2019-09-01 23:11:20.640 DEBUG 4404 --- [main] o.s.w.s.h.BeanNameUrlHandlerMapping      : Rejected bean name 'mvcUrlPathHelper': no URL paths identified
2019-09-01 23:11:20.640 DEBUG 4404 --- [main] o.s.w.s.h.BeanNameUrlHandlerMapping      : Rejected bean name 'viewControllerHandlerMapping': no URL paths identified
2019-09-01 23:11:20.640 DEBUG 4404 --- [main] o.s.w.s.h.BeanNameUrlHandlerMapping      : Rejected bean name 'beanNameHandlerMapping': no URL paths identified
2019-09-01 23:11:20.640 DEBUG 4404 --- [main] o.s.w.s.h.BeanNameUrlHandlerMapping      : Rejected bean name 'resourceHandlerMapping': no URL paths identified
2019-09-01 23:11:20.642 DEBUG 4404 --- [main] o.s.w.s.h.BeanNameUrlHandlerMapping      : Rejected bean name 'mvcResourceUrlProvider': no URL paths identified
2019-09-01 23:11:20.643 DEBUG 4404 --- [main] o.s.w.s.h.BeanNameUrlHandlerMapping      : Rejected bean name 'defaultServletHandlerMapping': no URL paths identified
2019-09-01 23:11:20.643 DEBUG 4404 --- [main] o.s.w.s.h.BeanNameUrlHandlerMapping      : Rejected bean name 'mvcUriComponentsContributor': no URL paths identified
2019-09-01 23:11:20.643 DEBUG 4404 --- [main] o.s.w.s.h.BeanNameUrlHandlerMapping      : Rejected bean name 'httpRequestHandlerAdapter': no URL paths identified
2019-09-01 23:11:20.643 DEBUG 4404 --- [main] o.s.w.s.h.BeanNameUrlHandlerMapping      : Rejected bean name 'simpleControllerHandlerAdapter': no URL paths identified
2019-09-01 23:11:20.643 DEBUG 4404 --- [main] o.s.w.s.h.BeanNameUrlHandlerMapping      : Rejected bean name 'handlerExceptionResolver': no URL paths identified
2019-09-01 23:11:20.643 DEBUG 4404 --- [main] o.s.w.s.h.BeanNameUrlHandlerMapping      : Rejected bean name 'mvcViewResolver': no URL paths identified
2019-09-01 23:11:20.643 DEBUG 4404 --- [main] o.s.w.s.h.BeanNameUrlHandlerMapping      : Rejected bean name 'mvcHandlerMappingIntrospector': no URL paths identified
2019-09-01 23:11:20.643 DEBUG 4404 --- [main] o.s.w.s.h.BeanNameUrlHandlerMapping      : Rejected bean name 'org.springframework.boot.autoconfigure.web.servlet.WebMvcAutoConfiguration$WebMvcAutoConfigurationAdapter': no URL paths identified
2019-09-01 23:11:20.643 DEBUG 4404 --- [main] o.s.w.s.h.BeanNameUrlHandlerMapping      : Rejected bean name 'defaultViewResolver': no URL paths identified
2019-09-01 23:11:20.643 DEBUG 4404 --- [main] o.s.w.s.h.BeanNameUrlHandlerMapping      : Rejected bean name 'viewResolver': no URL paths identified
2019-09-01 23:11:20.643 DEBUG 4404 --- [main] o.s.w.s.h.BeanNameUrlHandlerMapping      : Rejected bean name 'welcomePageHandlerMapping': no URL paths identified
2019-09-01 23:11:20.643 DEBUG 4404 --- [main] o.s.w.s.h.BeanNameUrlHandlerMapping      : Rejected bean name 'requestContextFilter': no URL paths identified
2019-09-01 23:11:20.644 DEBUG 4404 --- [main] o.s.w.s.h.BeanNameUrlHandlerMapping      : Rejected bean name 'org.springframework.boot.autoconfigure.web.servlet.WebMvcAutoConfiguration': no URL paths identified
2019-09-01 23:11:20.644 DEBUG 4404 --- [main] o.s.w.s.h.BeanNameUrlHandlerMapping      : Rejected bean name 'hiddenHttpMethodFilter': no URL paths identified
2019-09-01 23:11:20.644 DEBUG 4404 --- [main] o.s.w.s.h.BeanNameUrlHandlerMapping      : Rejected bean name 'httpPutFormContentFilter': no URL paths identified
2019-09-01 23:11:20.644 DEBUG 4404 --- [main] o.s.w.s.h.BeanNameUrlHandlerMapping      : Rejected bean name 'org.springframework.boot.autoconfigure.jdbc.DataSourceConfiguration$Hikari': no URL paths identified
2019-09-01 23:11:20.644 DEBUG 4404 --- [main] o.s.w.s.h.BeanNameUrlHandlerMapping      : Rejected bean name 'dataSource': no URL paths identified
2019-09-01 23:11:20.644 DEBUG 4404 --- [main] o.s.w.s.h.BeanNameUrlHandlerMapping      : Rejected bean name 'org.springframework.boot.autoconfigure.jdbc.DataSourceJmxConfiguration$Hikari': no URL paths identified
2019-09-01 23:11:20.644 DEBUG 4404 --- [main] o.s.w.s.h.BeanNameUrlHandlerMapping      : Rejected bean name 'org.springframework.boot.autoconfigure.jdbc.DataSourceJmxConfiguration': no URL paths identified
2019-09-01 23:11:20.644 DEBUG 4404 --- [main] o.s.w.s.h.BeanNameUrlHandlerMapping      : Rejected bean name 'org.springframework.boot.autoconfigure.jdbc.DataSourceAutoConfiguration$PooledDataSourceConfiguration': no URL paths identified
2019-09-01 23:11:20.645 DEBUG 4404 --- [main] o.s.w.s.h.BeanNameUrlHandlerMapping      : Rejected bean name 'org.springframework.boot.autoconfigure.jdbc.metadata.DataSourcePoolMetadataProvidersConfiguration$HikariPoolDataSourceMetadataProviderConfiguration': no URL paths identified
2019-09-01 23:11:20.648 DEBUG 4404 --- [main] o.s.w.s.h.BeanNameUrlHandlerMapping      : Rejected bean name 'hikariPoolDataSourceMetadataProvider': no URL paths identified
2019-09-01 23:11:20.649 DEBUG 4404 --- [main] o.s.w.s.h.BeanNameUrlHandlerMapping      : Rejected bean name 'org.springframework.boot.autoconfigure.jdbc.metadata.DataSourcePoolMetadataProvidersConfiguration': no URL paths identified
2019-09-01 23:11:20.649 DEBUG 4404 --- [main] o.s.w.s.h.BeanNameUrlHandlerMapping      : Rejected bean name 'org.springframework.boot.autoconfigure.jdbc.DataSourceInitializerInvoker': no URL paths identified
2019-09-01 23:11:20.649 DEBUG 4404 --- [main] o.s.w.s.h.BeanNameUrlHandlerMapping      : Rejected bean name 'org.springframework.boot.autoconfigure.jdbc.DataSourceInitializationConfiguration': no URL paths identified
2019-09-01 23:11:20.649 DEBUG 4404 --- [main] o.s.w.s.h.BeanNameUrlHandlerMapping      : Rejected bean name 'dataSourceInitializerPostProcessor': no URL paths identified
2019-09-01 23:11:20.649 DEBUG 4404 --- [main] o.s.w.s.h.BeanNameUrlHandlerMapping      : Rejected bean name 'org.springframework.boot.autoconfigure.jdbc.DataSourceAutoConfiguration': no URL paths identified
2019-09-01 23:11:20.649 DEBUG 4404 --- [main] o.s.w.s.h.BeanNameUrlHandlerMapping      : Rejected bean name 'spring.datasource-org.springframework.boot.autoconfigure.jdbc.DataSourceProperties': no URL paths identified
2019-09-01 23:11:20.649 DEBUG 4404 --- [main] o.s.w.s.h.BeanNameUrlHandlerMapping      : Rejected bean name 'org.mybatis.spring.boot.autoconfigure.MybatisLanguageDriverAutoConfiguration': no URL paths identified
2019-09-01 23:11:20.649 DEBUG 4404 --- [main] o.s.w.s.h.BeanNameUrlHandlerMapping      : Rejected bean name 'org.mybatis.spring.boot.autoconfigure.MybatisAutoConfiguration$MapperScannerRegistrarNotFoundConfiguration': no URL paths identified
2019-09-01 23:11:20.649 DEBUG 4404 --- [main] o.s.w.s.h.BeanNameUrlHandlerMapping      : Rejected bean name 'org.mybatis.spring.mapper.MapperScannerConfigurer': no URL paths identified
2019-09-01 23:11:20.649 DEBUG 4404 --- [main] o.s.w.s.h.BeanNameUrlHandlerMapping      : Rejected bean name 'org.mybatis.spring.boot.autoconfigure.MybatisAutoConfiguration': no URL paths identified
2019-09-01 23:11:20.649 DEBUG 4404 --- [main] o.s.w.s.h.BeanNameUrlHandlerMapping      : Rejected bean name 'sqlSessionFactory': no URL paths identified
2019-09-01 23:11:20.650 DEBUG 4404 --- [main] o.s.w.s.h.BeanNameUrlHandlerMapping      : Rejected bean name 'sqlSessionTemplate': no URL paths identified
2019-09-01 23:11:20.650 DEBUG 4404 --- [main] o.s.w.s.h.BeanNameUrlHandlerMapping      : Rejected bean name 'mybatis-org.mybatis.spring.boot.autoconfigure.MybatisProperties': no URL paths identified
2019-09-01 23:11:20.650 DEBUG 4404 --- [main] o.s.w.s.h.BeanNameUrlHandlerMapping      : Rejected bean name 'org.springframework.boot.autoconfigure.jmx.JmxAutoConfiguration': no URL paths identified
2019-09-01 23:11:20.650 DEBUG 4404 --- [main] o.s.w.s.h.BeanNameUrlHandlerMapping      : Rejected bean name 'mbeanExporter': no URL paths identified
2019-09-01 23:11:20.650 DEBUG 4404 --- [main] o.s.w.s.h.BeanNameUrlHandlerMapping      : Rejected bean name 'objectNamingStrategy': no URL paths identified
2019-09-01 23:11:20.650 DEBUG 4404 --- [main] o.s.w.s.h.BeanNameUrlHandlerMapping      : Rejected bean name 'mbeanServer': no URL paths identified
2019-09-01 23:11:20.650 DEBUG 4404 --- [main] o.s.w.s.h.BeanNameUrlHandlerMapping      : Rejected bean name 'org.springframework.boot.autoconfigure.context.ConfigurationPropertiesAutoConfiguration': no URL paths identified
2019-09-01 23:11:20.650 DEBUG 4404 --- [main] o.s.w.s.h.BeanNameUrlHandlerMapping      : Rejected bean name 'org.springframework.boot.autoconfigure.dao.PersistenceExceptionTranslationAutoConfiguration': no URL paths identified
2019-09-01 23:11:20.650 DEBUG 4404 --- [main] o.s.w.s.h.BeanNameUrlHandlerMapping      : Rejected bean name 'persistenceExceptionTranslationPostProcessor': no URL paths identified
2019-09-01 23:11:20.650 DEBUG 4404 --- [main] o.s.w.s.h.BeanNameUrlHandlerMapping      : Rejected bean name 'org.springframework.boot.autoconfigure.flyway.FlywayAutoConfiguration$FlywayConfiguration': no URL paths identified
2019-09-01 23:11:20.653 DEBUG 4404 --- [main] o.s.w.s.h.BeanNameUrlHandlerMapping      : Rejected bean name 'flyway': no URL paths identified
2019-09-01 23:11:20.653 DEBUG 4404 --- [main] o.s.w.s.h.BeanNameUrlHandlerMapping      : Rejected bean name 'flywayInitializer': no URL paths identified
2019-09-01 23:11:20.653 DEBUG 4404 --- [main] o.s.w.s.h.BeanNameUrlHandlerMapping      : Rejected bean name 'spring.flyway-org.springframework.boot.autoconfigure.flyway.FlywayProperties': no URL paths identified
2019-09-01 23:11:20.653 DEBUG 4404 --- [main] o.s.w.s.h.BeanNameUrlHandlerMapping      : Rejected bean name 'org.springframework.boot.autoconfigure.flyway.FlywayAutoConfiguration': no URL paths identified
2019-09-01 23:11:20.653 DEBUG 4404 --- [main] o.s.w.s.h.BeanNameUrlHandlerMapping      : Rejected bean name 'stringOrNumberMigrationVersionConverter': no URL paths identified
2019-09-01 23:11:20.653 DEBUG 4404 --- [main] o.s.w.s.h.BeanNameUrlHandlerMapping      : Rejected bean name 'flywayDefaultDdlModeProvider': no URL paths identified
2019-09-01 23:11:20.653 DEBUG 4404 --- [main] o.s.w.s.h.BeanNameUrlHandlerMapping      : Rejected bean name 'org.springframework.boot.autoconfigure.h2.H2ConsoleAutoConfiguration': no URL paths identified
2019-09-01 23:11:20.653 DEBUG 4404 --- [main] o.s.w.s.h.BeanNameUrlHandlerMapping      : Rejected bean name 'h2Console': no URL paths identified
2019-09-01 23:11:20.653 DEBUG 4404 --- [main] o.s.w.s.h.BeanNameUrlHandlerMapping      : Rejected bean name 'spring.h2.console-org.springframework.boot.autoconfigure.h2.H2ConsoleProperties': no URL paths identified
2019-09-01 23:11:20.653 DEBUG 4404 --- [main] o.s.w.s.h.BeanNameUrlHandlerMapping      : Rejected bean name 'org.springframework.boot.autoconfigure.jackson.JacksonAutoConfiguration$Jackson2ObjectMapperBuilderCustomizerConfiguration': no URL paths identified
2019-09-01 23:11:20.653 DEBUG 4404 --- [main] o.s.w.s.h.BeanNameUrlHandlerMapping      : Rejected bean name 'standardJacksonObjectMapperBuilderCustomizer': no URL paths identified
2019-09-01 23:11:20.655 DEBUG 4404 --- [main] o.s.w.s.h.BeanNameUrlHandlerMapping      : Rejected bean name 'spring.jackson-org.springframework.boot.autoconfigure.jackson.JacksonProperties': no URL paths identified
2019-09-01 23:11:20.656 DEBUG 4404 --- [main] o.s.w.s.h.BeanNameUrlHandlerMapping      : Rejected bean name 'org.springframework.boot.autoconfigure.jackson.JacksonAutoConfiguration$JacksonObjectMapperBuilderConfiguration': no URL paths identified
2019-09-01 23:11:20.656 DEBUG 4404 --- [main] o.s.w.s.h.BeanNameUrlHandlerMapping      : Rejected bean name 'jacksonObjectMapperBuilder': no URL paths identified
2019-09-01 23:11:20.656 DEBUG 4404 --- [main] o.s.w.s.h.BeanNameUrlHandlerMapping      : Rejected bean name 'org.springframework.boot.autoconfigure.jackson.JacksonAutoConfiguration$ParameterNamesModuleConfiguration': no URL paths identified
2019-09-01 23:11:20.657 DEBUG 4404 --- [main] o.s.w.s.h.BeanNameUrlHandlerMapping      : Rejected bean name 'parameterNamesModule': no URL paths identified
2019-09-01 23:11:20.657 DEBUG 4404 --- [main] o.s.w.s.h.BeanNameUrlHandlerMapping      : Rejected bean name 'org.springframework.boot.autoconfigure.jackson.JacksonAutoConfiguration$JacksonObjectMapperConfiguration': no URL paths identified
2019-09-01 23:11:20.657 DEBUG 4404 --- [main] o.s.w.s.h.BeanNameUrlHandlerMapping      : Rejected bean name 'jacksonObjectMapper': no URL paths identified
2019-09-01 23:11:20.657 DEBUG 4404 --- [main] o.s.w.s.h.BeanNameUrlHandlerMapping      : Rejected bean name 'org.springframework.boot.autoconfigure.jackson.JacksonAutoConfiguration': no URL paths identified
2019-09-01 23:11:20.658 DEBUG 4404 --- [main] o.s.w.s.h.BeanNameUrlHandlerMapping      : Rejected bean name 'jsonComponentModule': no URL paths identified
2019-09-01 23:11:20.658 DEBUG 4404 --- [main] o.s.w.s.h.BeanNameUrlHandlerMapping      : Rejected bean name 'org.springframework.boot.autoconfigure.http.HttpMessageConvertersAutoConfiguration$StringHttpMessageConverterConfiguration': no URL paths identified
2019-09-01 23:11:20.659 DEBUG 4404 --- [main] o.s.w.s.h.BeanNameUrlHandlerMapping      : Rejected bean name 'stringHttpMessageConverter': no URL paths identified
2019-09-01 23:11:20.659 DEBUG 4404 --- [main] o.s.w.s.h.BeanNameUrlHandlerMapping      : Rejected bean name 'spring.http.encoding-org.springframework.boot.autoconfigure.http.HttpEncodingProperties': no URL paths identified
2019-09-01 23:11:20.659 DEBUG 4404 --- [main] o.s.w.s.h.BeanNameUrlHandlerMapping      : Rejected bean name 'org.springframework.boot.autoconfigure.http.JacksonHttpMessageConvertersConfiguration$MappingJackson2HttpMessageConverterConfiguration': no URL paths identified
2019-09-01 23:11:20.659 DEBUG 4404 --- [main] o.s.w.s.h.BeanNameUrlHandlerMapping      : Rejected bean name 'mappingJackson2HttpMessageConverter': no URL paths identified
2019-09-01 23:11:20.660 DEBUG 4404 --- [main] o.s.w.s.h.BeanNameUrlHandlerMapping      : Rejected bean name 'org.springframework.boot.autoconfigure.http.JacksonHttpMessageConvertersConfiguration': no URL paths identified
2019-09-01 23:11:20.660 DEBUG 4404 --- [main] o.s.w.s.h.BeanNameUrlHandlerMapping      : Rejected bean name 'org.springframework.boot.autoconfigure.http.HttpMessageConvertersAutoConfiguration': no URL paths identified
2019-09-01 23:11:20.660 DEBUG 4404 --- [main] o.s.w.s.h.BeanNameUrlHandlerMapping      : Rejected bean name 'messageConverters': no URL paths identified
2019-09-01 23:11:20.661 DEBUG 4404 --- [main] o.s.w.s.h.BeanNameUrlHandlerMapping      : Rejected bean name 'org.springframework.boot.autoconfigure.http.codec.CodecsAutoConfiguration$JacksonCodecConfiguration': no URL paths identified
2019-09-01 23:11:20.661 DEBUG 4404 --- [main] o.s.w.s.h.BeanNameUrlHandlerMapping      : Rejected bean name 'jacksonCodecCustomizer': no URL paths identified
2019-09-01 23:11:20.661 DEBUG 4404 --- [main] o.s.w.s.h.BeanNameUrlHandlerMapping      : Rejected bean name 'org.springframework.boot.autoconfigure.http.codec.CodecsAutoConfiguration': no URL paths identified
2019-09-01 23:11:20.661 DEBUG 4404 --- [main] o.s.w.s.h.BeanNameUrlHandlerMapping      : Rejected bean name 'org.springframework.boot.autoconfigure.info.ProjectInfoAutoConfiguration': no URL paths identified
2019-09-01 23:11:20.662 DEBUG 4404 --- [main] o.s.w.s.h.BeanNameUrlHandlerMapping      : Rejected bean name 'spring.info-org.springframework.boot.autoconfigure.info.ProjectInfoProperties': no URL paths identified
2019-09-01 23:11:20.662 DEBUG 4404 --- [main] o.s.w.s.h.BeanNameUrlHandlerMapping      : Rejected bean name 'org.springframework.boot.autoconfigure.jdbc.JdbcTemplateAutoConfiguration$JdbcTemplateConfiguration': no URL paths identified
2019-09-01 23:11:20.662 DEBUG 4404 --- [main] o.s.w.s.h.BeanNameUrlHandlerMapping      : Rejected bean name 'jdbcTemplate': no URL paths identified
2019-09-01 23:11:20.662 DEBUG 4404 --- [main] o.s.w.s.h.BeanNameUrlHandlerMapping      : Rejected bean name 'org.springframework.boot.autoconfigure.jdbc.JdbcTemplateAutoConfiguration$NamedParameterJdbcTemplateConfiguration': no URL paths identified
2019-09-01 23:11:20.663 DEBUG 4404 --- [main] o.s.w.s.h.BeanNameUrlHandlerMapping      : Rejected bean name 'namedParameterJdbcTemplate': no URL paths identified
2019-09-01 23:11:20.663 DEBUG 4404 --- [main] o.s.w.s.h.BeanNameUrlHandlerMapping      : Rejected bean name 'org.springframework.boot.autoconfigure.jdbc.JdbcTemplateAutoConfiguration': no URL paths identified
2019-09-01 23:11:20.663 DEBUG 4404 --- [main] o.s.w.s.h.BeanNameUrlHandlerMapping      : Rejected bean name 'spring.jdbc-org.springframework.boot.autoconfigure.jdbc.JdbcProperties': no URL paths identified
2019-09-01 23:11:20.664 DEBUG 4404 --- [main] o.s.w.s.h.BeanNameUrlHandlerMapping      : Rejected bean name 'org.springframework.boot.autoconfigure.security.reactive.ReactiveSecurityAutoConfiguration': no URL paths identified
2019-09-01 23:11:20.664 DEBUG 4404 --- [main] o.s.w.s.h.BeanNameUrlHandlerMapping      : Rejected bean name 'spring.security-org.springframework.boot.autoconfigure.security.SecurityProperties': no URL paths identified
2019-09-01 23:11:20.664 DEBUG 4404 --- [main] o.s.w.s.h.BeanNameUrlHandlerMapping      : Rejected bean name 'org.springframework.boot.autoconfigure.jdbc.DataSourceTransactionManagerAutoConfiguration$DataSourceTransactionManagerConfiguration': no URL paths identified
2019-09-01 23:11:20.664 DEBUG 4404 --- [main] o.s.w.s.h.BeanNameUrlHandlerMapping      : Rejected bean name 'transactionManager': no URL paths identified
2019-09-01 23:11:20.665 DEBUG 4404 --- [main] o.s.w.s.h.BeanNameUrlHandlerMapping      : Rejected bean name 'org.springframework.boot.autoconfigure.jdbc.DataSourceTransactionManagerAutoConfiguration': no URL paths identified
2019-09-01 23:11:20.665 DEBUG 4404 --- [main] o.s.w.s.h.BeanNameUrlHandlerMapping      : Rejected bean name 'org.springframework.transaction.annotation.ProxyTransactionManagementConfiguration': no URL paths identified
2019-09-01 23:11:20.665 DEBUG 4404 --- [main] o.s.w.s.h.BeanNameUrlHandlerMapping      : Rejected bean name 'org.springframework.transaction.config.internalTransactionAdvisor': no URL paths identified
2019-09-01 23:11:20.665 DEBUG 4404 --- [main] o.s.w.s.h.BeanNameUrlHandlerMapping      : Rejected bean name 'transactionAttributeSource': no URL paths identified
2019-09-01 23:11:20.666 DEBUG 4404 --- [main] o.s.w.s.h.BeanNameUrlHandlerMapping      : Rejected bean name 'transactionInterceptor': no URL paths identified
2019-09-01 23:11:20.666 DEBUG 4404 --- [main] o.s.w.s.h.BeanNameUrlHandlerMapping      : Rejected bean name 'org.springframework.transaction.config.internalTransactionalEventListenerFactory': no URL paths identified
2019-09-01 23:11:20.666 DEBUG 4404 --- [main] o.s.w.s.h.BeanNameUrlHandlerMapping      : Rejected bean name 'org.springframework.boot.autoconfigure.transaction.TransactionAutoConfiguration$EnableTransactionManagementConfiguration$CglibAutoProxyConfiguration': no URL paths identified
2019-09-01 23:11:20.666 DEBUG 4404 --- [main] o.s.w.s.h.BeanNameUrlHandlerMapping      : Rejected bean name 'org.springframework.aop.config.internalAutoProxyCreator': no URL paths identified
2019-09-01 23:11:20.667 DEBUG 4404 --- [main] o.s.w.s.h.BeanNameUrlHandlerMapping      : Rejected bean name 'org.springframework.boot.autoconfigure.transaction.TransactionAutoConfiguration$EnableTransactionManagementConfiguration': no URL paths identified
2019-09-01 23:11:20.667 DEBUG 4404 --- [main] o.s.w.s.h.BeanNameUrlHandlerMapping      : Rejected bean name 'org.springframework.boot.autoconfigure.transaction.TransactionAutoConfiguration$TransactionTemplateConfiguration': no URL paths identified
2019-09-01 23:11:20.667 DEBUG 4404 --- [main] o.s.w.s.h.BeanNameUrlHandlerMapping      : Rejected bean name 'transactionTemplate': no URL paths identified
2019-09-01 23:11:20.667 DEBUG 4404 --- [main] o.s.w.s.h.BeanNameUrlHandlerMapping      : Rejected bean name 'org.springframework.boot.autoconfigure.transaction.TransactionAutoConfiguration': no URL paths identified
2019-09-01 23:11:20.668 DEBUG 4404 --- [main] o.s.w.s.h.BeanNameUrlHandlerMapping      : Rejected bean name 'platformTransactionManagerCustomizers': no URL paths identified
2019-09-01 23:11:20.668 DEBUG 4404 --- [main] o.s.w.s.h.BeanNameUrlHandlerMapping      : Rejected bean name 'spring.transaction-org.springframework.boot.autoconfigure.transaction.TransactionProperties': no URL paths identified
2019-09-01 23:11:20.669 DEBUG 4404 --- [main] o.s.w.s.h.BeanNameUrlHandlerMapping      : Rejected bean name 'org.springframework.boot.autoconfigure.web.client.RestTemplateAutoConfiguration': no URL paths identified
2019-09-01 23:11:20.669 DEBUG 4404 --- [main] o.s.w.s.h.BeanNameUrlHandlerMapping      : Rejected bean name 'restTemplateBuilder': no URL paths identified
2019-09-01 23:11:20.669 DEBUG 4404 --- [main] o.s.w.s.h.BeanNameUrlHandlerMapping      : Rejected bean name 'org.springframework.boot.autoconfigure.web.embedded.EmbeddedWebServerFactoryCustomizerAutoConfiguration$TomcatWebServerFactoryCustomizerConfiguration': no URL paths identified
2019-09-01 23:11:20.670 DEBUG 4404 --- [main] o.s.w.s.h.BeanNameUrlHandlerMapping      : Rejected bean name 'tomcatWebServerFactoryCustomizer': no URL paths identified
2019-09-01 23:11:20.670 DEBUG 4404 --- [main] o.s.w.s.h.BeanNameUrlHandlerMapping      : Rejected bean name 'org.springframework.boot.autoconfigure.web.embedded.EmbeddedWebServerFactoryCustomizerAutoConfiguration': no URL paths identified
2019-09-01 23:11:20.670 DEBUG 4404 --- [main] o.s.w.s.h.BeanNameUrlHandlerMapping      : Rejected bean name 'org.springframework.boot.autoconfigure.web.servlet.HttpEncodingAutoConfiguration': no URL paths identified
2019-09-01 23:11:20.670 DEBUG 4404 --- [main] o.s.w.s.h.BeanNameUrlHandlerMapping      : Rejected bean name 'characterEncodingFilter': no URL paths identified
2019-09-01 23:11:20.671 DEBUG 4404 --- [main] o.s.w.s.h.BeanNameUrlHandlerMapping      : Rejected bean name 'localeCharsetMappingsCustomizer': no URL paths identified
2019-09-01 23:11:20.671 DEBUG 4404 --- [main] o.s.w.s.h.BeanNameUrlHandlerMapping      : Rejected bean name 'org.springframework.boot.autoconfigure.web.servlet.MultipartAutoConfiguration': no URL paths identified
2019-09-01 23:11:20.671 DEBUG 4404 --- [main] o.s.w.s.h.BeanNameUrlHandlerMapping      : Rejected bean name 'multipartConfigElement': no URL paths identified
2019-09-01 23:11:20.671 DEBUG 4404 --- [main] o.s.w.s.h.BeanNameUrlHandlerMapping      : Rejected bean name 'multipartResolver': no URL paths identified
2019-09-01 23:11:20.671 DEBUG 4404 --- [main] o.s.w.s.h.BeanNameUrlHandlerMapping      : Rejected bean name 'spring.servlet.multipart-org.springframework.boot.autoconfigure.web.servlet.MultipartProperties': no URL paths identified
2019-09-01 23:11:20.672 DEBUG 4404 --- [main] o.s.w.s.h.BeanNameUrlHandlerMapping      : Rejected bean name 'employeeMapper': no URL paths identified
2019-09-01 23:11:20.672 DEBUG 4404 --- [main] o.s.w.s.h.BeanNameUrlHandlerMapping      : Rejected bean name 'parkingLotMapper': no URL paths identified
2019-09-01 23:11:20.672 DEBUG 4404 --- [main] o.s.w.s.h.BeanNameUrlHandlerMapping      : Rejected bean name 'autoConfigurationReport': no URL paths identified
2019-09-01 23:11:20.672 DEBUG 4404 --- [main] o.s.w.s.h.BeanNameUrlHandlerMapping      : Rejected bean name 'org.springframework.boot.context.ContextIdApplicationContextInitializer$ContextId': no URL paths identified
2019-09-01 23:11:20.673 DEBUG 4404 --- [main] o.s.w.s.h.BeanNameUrlHandlerMapping      : Rejected bean name 'springApplicationArguments': no URL paths identified
2019-09-01 23:11:20.673 DEBUG 4404 --- [main] o.s.w.s.h.BeanNameUrlHandlerMapping      : Rejected bean name 'springBootBanner': no URL paths identified
2019-09-01 23:11:20.673 DEBUG 4404 --- [main] o.s.w.s.h.BeanNameUrlHandlerMapping      : Rejected bean name 'springBootLoggingSystem': no URL paths identified
2019-09-01 23:11:20.673 DEBUG 4404 --- [main] o.s.w.s.h.BeanNameUrlHandlerMapping      : Rejected bean name 'environment': no URL paths identified
2019-09-01 23:11:20.674 DEBUG 4404 --- [main] o.s.w.s.h.BeanNameUrlHandlerMapping      : Rejected bean name 'systemProperties': no URL paths identified
2019-09-01 23:11:20.674 DEBUG 4404 --- [main] o.s.w.s.h.BeanNameUrlHandlerMapping      : Rejected bean name 'systemEnvironment': no URL paths identified
2019-09-01 23:11:20.674 DEBUG 4404 --- [main] o.s.w.s.h.BeanNameUrlHandlerMapping      : Rejected bean name 'org.springframework.context.annotation.ConfigurationClassPostProcessor.importRegistry': no URL paths identified
2019-09-01 23:11:20.674 DEBUG 4404 --- [main] o.s.w.s.h.BeanNameUrlHandlerMapping      : Rejected bean name 'messageSource': no URL paths identified
2019-09-01 23:11:20.674 DEBUG 4404 --- [main] o.s.w.s.h.BeanNameUrlHandlerMapping      : Rejected bean name 'applicationEventMulticaster': no URL paths identified
2019-09-01 23:11:20.675 DEBUG 4404 --- [main] o.s.w.s.h.BeanNameUrlHandlerMapping      : Rejected bean name 'servletContext': no URL paths identified
2019-09-01 23:11:20.691 DEBUG 4404 --- [main] o.s.w.s.h.BeanNameUrlHandlerMapping      : Rejected bean name 'contextParameters': no URL paths identified
2019-09-01 23:11:20.692 DEBUG 4404 --- [main] o.s.w.s.h.BeanNameUrlHandlerMapping      : Rejected bean name 'contextAttributes': no URL paths identified
2019-09-01 23:11:20.703  INFO 4404 --- [main] o.s.w.s.handler.SimpleUrlHandlerMapping  : Mapped URL path [/webjars/**] onto handler of type [class org.springframework.web.servlet.resource.ResourceHttpRequestHandler]
2019-09-01 23:11:20.704  INFO 4404 --- [main] o.s.w.s.handler.SimpleUrlHandlerMapping  : Mapped URL path [/**] onto handler of type [class org.springframework.web.servlet.resource.ResourceHttpRequestHandler]
2019-09-01 23:11:20.780 DEBUG 4404 --- [main] .m.m.a.ExceptionHandlerExceptionResolver : Looking for exception mappings: org.springframework.boot.web.servlet.context.AnnotationConfigServletWebServerApplicationContext@6b81ce95: startup date [Sun Sep 01 23:11:12 CST 2019]; root of context hierarchy
2019-09-01 23:11:21.267  INFO 4404 --- [main] o.f.core.internal.util.VersionPrinter    : Flyway Community Edition 5.0.7 by Boxfuse
2019-09-01 23:11:21.284  INFO 4404 --- [main] com.zaxxer.hikari.HikariDataSource       : HikariPool-1 - Starting...
2019-09-01 23:11:21.745  INFO 4404 --- [main] com.zaxxer.hikari.HikariDataSource       : HikariPool-1 - Start completed.
2019-09-01 23:11:21.756  INFO 4404 --- [main] o.f.c.internal.database.DatabaseFactory  : Database: jdbc:h2:mem:tws_persistence_db (H2 1.4)
2019-09-01 23:11:21.938  INFO 4404 --- [main] o.f.core.internal.command.DbValidate     : Successfully validated 1 migration (execution time 00:00.070s)
2019-09-01 23:11:22.069  INFO 4404 --- [main] o.f.c.i.s.JdbcTableSchemaHistory         : Creating Schema History table: "PUBLIC"."flyway_schema_history"
2019-09-01 23:11:22.184  INFO 4404 --- [main] o.f.core.internal.command.DbMigrate      : Current version of schema "PUBLIC": << Empty Schema >>
2019-09-01 23:11:22.189  INFO 4404 --- [main] o.f.core.internal.command.DbMigrate      : Migrating schema "PUBLIC" to version 1 - creat employee and parkingLot table
2019-09-01 23:11:22.213  INFO 4404 --- [main] o.f.core.internal.command.DbMigrate      : Successfully applied 1 migration to schema "PUBLIC" (execution time 00:00.162s)
2019-09-01 23:11:22.652  INFO 4404 --- [main] o.s.j.e.a.AnnotationMBeanExporter        : Registering beans for JMX exposure on startup
2019-09-01 23:11:22.655  INFO 4404 --- [main] o.s.j.e.a.AnnotationMBeanExporter        : Bean with name 'dataSource' has been autodetected for JMX exposure
2019-09-01 23:11:22.663  INFO 4404 --- [main] o.s.j.e.a.AnnotationMBeanExporter        : Located MBean 'dataSource': registering with JMX server as MBean [com.zaxxer.hikari:name=dataSource,type=HikariDataSource]
2019-09-01 23:11:22.687 DEBUG 4404 --- [main] o.s.w.s.resource.ResourceUrlProvider     : Looking for resource handler mappings
2019-09-01 23:11:22.687 DEBUG 4404 --- [main] o.s.w.s.resource.ResourceUrlProvider     : Found resource handler mapping: URL pattern="/**/favicon.ico", locations=[class path resource [META-INF/resources/], class path resource [resources/], class path resource [static/], class path resource [public/], ServletContext resource [/], class path resource []], resolvers=[org.springframework.web.servlet.resource.PathResourceResolver@5eed2d86]
2019-09-01 23:11:22.687 DEBUG 4404 --- [main] o.s.w.s.resource.ResourceUrlProvider     : Found resource handler mapping: URL pattern="/webjars/**", locations=[class path resource [META-INF/resources/webjars/]], resolvers=[org.springframework.web.servlet.resource.PathResourceResolver@33d53216]
2019-09-01 23:11:22.688 DEBUG 4404 --- [main] o.s.w.s.resource.ResourceUrlProvider     : Found resource handler mapping: URL pattern="/**", locations=[class path resource [META-INF/resources/], class path resource [resources/], class path resource [static/], class path resource [public/], ServletContext resource [/]], resolvers=[org.springframework.web.servlet.resource.PathResourceResolver@69a2b3b6]
2019-09-01 23:11:22.874  INFO 4404 --- [main] o.s.b.w.embedded.tomcat.TomcatWebServer  : Tomcat started on port(s): 8080 (http) with context path ''
2019-09-01 23:11:22.876 DEBUG 4404 --- [main] o.s.w.c.s.StandardServletEnvironment     : Adding PropertySource 'server.ports' with highest search precedence
2019-09-01 23:11:22.886  INFO 4404 --- [main] tws.Application                          : Started Application in 13.272 seconds (JVM running for 15.594)
2019-09-01 23:11:43.795 DEBUG 4404 --- [http-nio-8080-exec-10] o.s.web.servlet.DispatcherServlet        : Initializing servlet 'dispatcherServlet'
2019-09-01 23:11:43.800  INFO 4404 --- [http-nio-8080-exec-10] o.a.c.c.C.[Tomcat].[localhost].[/]       : Initializing Spring FrameworkServlet 'dispatcherServlet'
2019-09-01 23:11:43.800  INFO 4404 --- [http-nio-8080-exec-10] o.s.web.servlet.DispatcherServlet        : FrameworkServlet 'dispatcherServlet': initialization started
2019-09-01 23:11:43.801 DEBUG 4404 --- [http-nio-8080-exec-10] o.s.web.servlet.DispatcherServlet        : Using MultipartResolver [org.springframework.web.multipart.support.StandardServletMultipartResolver@3c1262a0]
2019-09-01 23:11:43.808 DEBUG 4404 --- [http-nio-8080-exec-10] o.s.web.servlet.DispatcherServlet        : Unable to locate LocaleResolver with name 'localeResolver': using default [org.springframework.web.servlet.i18n.AcceptHeaderLocaleResolver@193f0409]
2019-09-01 23:11:43.820 DEBUG 4404 --- [http-nio-8080-exec-10] o.s.web.servlet.DispatcherServlet        : Unable to locate ThemeResolver with name 'themeResolver': using default [org.springframework.web.servlet.theme.FixedThemeResolver@329568ce]
2019-09-01 23:11:43.829 DEBUG 4404 --- [http-nio-8080-exec-10] o.s.web.servlet.DispatcherServlet        : Unable to locate RequestToViewNameTranslator with name 'viewNameTranslator': using default [org.springframework.web.servlet.view.DefaultRequestToViewNameTranslator@38df3ca7]
2019-09-01 23:11:43.903 DEBUG 4404 --- [http-nio-8080-exec-10] o.s.web.servlet.DispatcherServlet        : Unable to locate FlashMapManager with name 'flashMapManager': using default [org.springframework.web.servlet.support.SessionFlashMapManager@bfb04ff]
2019-09-01 23:11:43.912 DEBUG 4404 --- [http-nio-8080-exec-10] o.s.web.servlet.DispatcherServlet        : Published WebApplicationContext of servlet 'dispatcherServlet' as ServletContext attribute with name [org.springframework.web.servlet.FrameworkServlet.CONTEXT.dispatcherServlet]
2019-09-01 23:11:43.913  INFO 4404 --- [http-nio-8080-exec-10] o.s.web.servlet.DispatcherServlet        : FrameworkServlet 'dispatcherServlet': initialization completed in 113 ms
2019-09-01 23:11:43.913 DEBUG 4404 --- [http-nio-8080-exec-10] o.s.web.servlet.DispatcherServlet        : Servlet 'dispatcherServlet' configured successfully
2019-09-01 23:11:43.915 DEBUG 4404 --- [http-nio-8080-exec-10] o.s.web.servlet.DispatcherServlet        : DispatcherServlet with name 'dispatcherServlet' processing GET request for [/favicon.ico]
2019-09-01 23:11:43.948 DEBUG 4404 --- [http-nio-8080-exec-10] o.s.w.s.handler.SimpleUrlHandlerMapping  : Matching patterns for request [/favicon.ico] are [/**/favicon.ico]
2019-09-01 23:11:43.950 DEBUG 4404 --- [http-nio-8080-exec-10] o.s.w.s.handler.SimpleUrlHandlerMapping  : URI Template variables for request [/favicon.ico] are {}
2019-09-01 23:11:43.952 DEBUG 4404 --- [http-nio-8080-exec-10] o.s.w.s.handler.SimpleUrlHandlerMapping  : Mapping [/favicon.ico] to HandlerExecutionChain with handler [ResourceHttpRequestHandler [locations=[class path resource [META-INF/resources/], class path resource [resources/], class path resource [static/], class path resource [public/], ServletContext resource [/], class path resource []], resolvers=[org.springframework.web.servlet.resource.PathResourceResolver@5eed2d86]]] and 1 interceptor
2019-09-01 23:11:43.954 DEBUG 4404 --- [http-nio-8080-exec-10] o.s.web.servlet.DispatcherServlet        : Last-Modified value for [/favicon.ico] is: -1
2019-09-01 23:11:44.134 DEBUG 4404 --- [http-nio-8080-exec-10] o.s.web.servlet.DispatcherServlet        : Null ModelAndView returned to DispatcherServlet with name 'dispatcherServlet': assuming HandlerAdapter completed request handling
2019-09-01 23:11:44.134 DEBUG 4404 --- [http-nio-8080-exec-10] o.s.web.servlet.DispatcherServlet        : Successfully completed request
2019-09-01 23:12:03.470 DEBUG 4404 --- [http-nio-8080-exec-7] o.s.web.servlet.DispatcherServlet        : DispatcherServlet with name 'dispatcherServlet' processing GET request for [/favicon.ico]
2019-09-01 23:12:03.471 DEBUG 4404 --- [http-nio-8080-exec-7] o.s.w.s.handler.SimpleUrlHandlerMapping  : Matching patterns for request [/favicon.ico] are [/**/favicon.ico]
2019-09-01 23:12:03.471 DEBUG 4404 --- [http-nio-8080-exec-7] o.s.w.s.handler.SimpleUrlHandlerMapping  : URI Template variables for request [/favicon.ico] are {}
